[0;34m[2026-01-24 20:02:48] ℹ️  [INFO][0m ==========================================
[0;34m[2026-01-24 20:02:48] ℹ️  [INFO][0m 开始执行每日项目收集任务
[0;34m[2026-01-24 20:02:48] ℹ️  [INFO][0m 执行日期: 2026-01-24
[0;34m[2026-01-24 20:02:48] ℹ️  [INFO][0m ==========================================
[0;34m[2026-01-24 20:02:48] ℹ️  [INFO][0m 检查系统依赖...
[0;32m[2026-01-24 20:02:48] ✅ [SUCCESS][0m 依赖检查通过
[0;34m[2026-01-24 20:02:48] ℹ️  [INFO][0m 检查磁盘空间...
[0;32m[2026-01-24 20:02:48] ✅ [SUCCESS][0m 磁盘空间充足: 32423MB 可用
[0;34m[2026-01-24 20:02:48] ℹ️  [INFO][0m 切换到仓库目录: /home/ubuntu/awesome-github-stars
[0;34m[2026-01-24 20:02:48] ℹ️  [INFO][0m 拉取远程仓库最新代码...
From https://github.com/DannyFish-11/awesome-github-stars
 * branch            main       -> FETCH_HEAD
Already up to date.
[0;32m[2026-01-24 20:02:49] ✅ [SUCCESS][0m 代码拉取成功
[0;34m[2026-01-24 20:02:49] ℹ️  [INFO][0m ==========================================
[0;34m[2026-01-24 20:02:49] ℹ️  [INFO][0m 步骤 1/3: 执行项目收集脚本
[0;34m[2026-01-24 20:02:49] ℹ️  [INFO][0m ==========================================
[2026-01-24 20:02:49] ℹ️ [INFO] ============================================================
[2026-01-24 20:02:49] ℹ️ [INFO] 开始收集 GitHub 高 Star 项目
[2026-01-24 20:02:49] ℹ️ [INFO] ============================================================
[2026-01-24 20:02:49] ℹ️ [INFO] 步骤 1/4: 获取 Trending 项目...
[2026-01-24 20:02:49] 🔍 [DEBUG] 正在访问 GitHub Trending: https://github.com/trending
[2026-01-24 20:02:51] 🔍 [DEBUG] 找到 10 个候选项目
[2026-01-24 20:02:51] 🔍 [DEBUG] 收集项目: remotion-dev/remotion (TypeScript)
[2026-01-24 20:02:51] 🔍 [DEBUG] 收集项目: VectifyAI/PageIndex (Python)
[2026-01-24 20:02:51] 🔍 [DEBUG] 收集项目: OpenBMB/UltraRAG (Python)
[2026-01-24 20:02:51] 🔍 [DEBUG] 收集项目: browser-use/browser-use (Python)
[2026-01-24 20:02:51] 🔍 [DEBUG] 收集项目: block/goose (Rust)
[2026-01-24 20:02:51] 🔍 [DEBUG] 收集项目: Blaizzy/mlx-audio (Python)
[2026-01-24 20:02:51] 🔍 [DEBUG] 收集项目: simstudioai/sim (TypeScript)
[2026-01-24 20:02:51] 🔍 [DEBUG] 收集项目: microsoft/VibeVoice (Python)
[2026-01-24 20:02:51] ✅ [SUCCESS] 从 Trending 成功获取 8 个项目
[2026-01-24 20:02:51] ℹ️ [INFO] 步骤 2/4: 获取 Top Stars 项目...
[2026-01-24 20:02:51] ✅ [SUCCESS] 从 Top Stars 列表获取了 7 个项目
[2026-01-24 20:02:51] ℹ️ [INFO] 步骤 3/4: 验证项目数据...
[2026-01-24 20:02:51] ✅ [SUCCESS] 共收集 15 个有效项目
[2026-01-24 20:02:51] ℹ️ [INFO] 步骤 4/4: 生成 Markdown 文档...
[2026-01-24 20:02:51] 🔍 [DEBUG] 目标目录: /home/ubuntu/awesome-github-stars/2026/01-January
[2026-01-24 20:02:51] ✅ [SUCCESS] Markdown 文档已生成: /home/ubuntu/awesome-github-stars/2026/01-January/2026-01-24.md
[2026-01-24 20:02:51] ℹ️ [INFO] ============================================================
[2026-01-24 20:02:51] ✅ [SUCCESS] ✅ 收集任务完成！
[2026-01-24 20:02:51] ℹ️ [INFO] 输出文件: /home/ubuntu/awesome-github-stars/2026/01-January/2026-01-24.md
[2026-01-24 20:02:51] ℹ️ [INFO] ============================================================
[0;32m[2026-01-24 20:02:51] ✅ [SUCCESS][0m 项目收集完成
[0;32m[2026-01-24 20:02:51] ✅ [SUCCESS][0m 项目文件已生成: /home/ubuntu/awesome-github-stars/2026/01-January/2026-01-24.md (6522 bytes)
[0;34m[2026-01-24 20:02:51] ℹ️  [INFO][0m ==========================================
[0;34m[2026-01-24 20:02:51] ℹ️  [INFO][0m 步骤 2/3: 更新月度索引
[0;34m[2026-01-24 20:02:51] ℹ️  [INFO][0m ==========================================
[2026-01-24 20:02:51] ℹ️ [INFO] ============================================================
[2026-01-24 20:02:51] ℹ️ [INFO] 开始更新索引文件
[2026-01-24 20:02:51] ℹ️ [INFO] ============================================================
[2026-01-24 20:02:51] ℹ️ [INFO] 步骤 1/2: 更新月度索引...
[2026-01-24 20:02:51] ✅ [SUCCESS] 月度索引已更新: /home/ubuntu/awesome-github-stars/2026/01-January/README.md
[2026-01-24 20:02:51] ℹ️ [INFO] 步骤 2/2: 更新主 README...
[2026-01-24 20:02:51] ✅ [SUCCESS] 主 README 已更新 (总计 5 天, 75 个项目)
[2026-01-24 20:02:51] ℹ️ [INFO] ============================================================
[2026-01-24 20:02:51] ✅ [SUCCESS] ✅ 索引更新完成！
[2026-01-24 20:02:51] ℹ️ [INFO] ============================================================
[0;32m[2026-01-24 20:02:51] ✅ [SUCCESS][0m 索引更新完成
[0;34m[2026-01-24 20:02:51] ℹ️  [INFO][0m ==========================================
[0;34m[2026-01-24 20:02:51] ℹ️  [INFO][0m 步骤 3/3: 提交到 Git 仓库
[0;34m[2026-01-24 20:02:51] ℹ️  [INFO][0m ==========================================
[0;34m[2026-01-24 20:02:51] ℹ️  [INFO][0m 添加文件到 Git...
